<?xml version="1.0" encoding="UTF-8"?>
<!-- Generated by org.testng.reporters.JUnitReportReporter -->
<testsuite hostname="marcelo-HP-Laptop-14-bs0xx" failures="0" tests="2" name="lab.TaxTest" time="0.038" errors="0" timestamp="2022-04-01T21:25:15 PET" skipped="0">
  <testcase classname="lab.TaxTest" name="taxTestSpecial" time="0.001"/>
  <testcase classname="lab.TaxTest" name="taxTestDefault" time="0.037"/>
</testsuite> <!-- lab.TaxTest -->
