<?xml version="1.0" encoding="UTF-8"?>
<!-- Generated by org.testng.reporters.JUnitReportReporter -->
<testsuite skipped="0" hostname="LAPTOP-R259FH4C" name="lab.TaxTest" tests="2" failures="0" timestamp="2022-03-31T21:48:06 COT" time="0.000" errors="0">
  <testcase name="taxTestSpecial" time="0.000" classname="lab.TaxTest"/>
  <testcase name="taxTestDefault" time="0.000" classname="lab.TaxTest"/>
</testsuite> <!-- lab.TaxTest -->
