<?xml version="1.0" encoding="UTF-8"?>
<!-- Generated by org.testng.reporters.JUnitReportReporter -->
<testsuite skipped="0" hostname="LAPTOP-R259FH4C" name="lab.ManageDemandTest" tests="1" failures="0" timestamp="2022-03-31T21:48:06 COT" time="0.004" errors="0">
  <testcase name="test_AllOrdersFromPeru" time="0.004" classname="lab.ManageDemandTest"/>
</testsuite> <!-- lab.ManageDemandTest -->
