<?xml version="1.0" encoding="UTF-8"?>
<!-- Generated by org.testng.reporters.JUnitReportReporter -->
<testsuite hostname="marcelo-HP-Laptop-14-bs0xx" failures="0" tests="1" name="lab.ManageDemandTest" time="0.001" errors="0" timestamp="2022-04-01T21:12:12 PET" skipped="0">
  <testcase classname="lab.ManageDemandTest" name="test_AllOrdersFromPeru" time="0.001"/>
</testsuite> <!-- lab.ManageDemandTest -->
